<?xml version="1.0" encoding="UTF-8" ?>
<testsuite tests="1" failures="0" name="com.cpsgpartners.azure.SearchTest" time="0.628" errors="1" skipped="0">
  <properties>
    <property name="java.runtime.name" value="Java(TM) SE Runtime Environment"/>
    <property name="sun.boot.library.path" value="/home/aanderson/cpsg/jdk1.8.0_31/jre/lib/amd64"/>
    <property name="java.vm.version" value="25.31-b07"/>
    <property name="java.vm.vendor" value="Oracle Corporation"/>
    <property name="java.vendor.url" value="http://java.oracle.com/"/>
    <property name="path.separator" value=":"/>
    <property name="guice.disable.misplaced.annotation.check" value="true"/>
    <property name="java.vm.name" value="Java HotSpot(TM) 64-Bit Server VM"/>
    <property name="file.encoding.pkg" value="sun.io"/>
    <property name="user.country" value="US"/>
    <property name="sun.java.launcher" value="SUN_STANDARD"/>
    <property name="sun.os.patch.level" value="unknown"/>
    <property name="java.vm.specification.name" value="Java Virtual Machine Specification"/>
    <property name="user.dir" value="/home/aanderson/git/azure-jax-rs"/>
    <property name="java.runtime.version" value="1.8.0_31-b13"/>
    <property name="java.awt.graphicsenv" value="sun.awt.X11GraphicsEnvironment"/>
    <property name="java.endorsed.dirs" value="/home/aanderson/cpsg/jdk1.8.0_31/jre/lib/endorsed"/>
    <property name="os.arch" value="amd64"/>
    <property name="java.io.tmpdir" value="/tmp"/>
    <property name="line.separator" value="
"/>
    <property name="java.vm.specification.vendor" value="Oracle Corporation"/>
    <property name="os.name" value="Linux"/>
    <property name="classworlds.conf" value="/home/aanderson/cpsg/apache-maven-3.2.2/bin/m2.conf"/>
    <property name="sun.jnu.encoding" value="UTF-8"/>
    <property name="java.library.path" value="/usr/lib32:/usr/java/packages/lib/amd64:/usr/lib64:/lib64:/lib:/usr/lib"/>
    <property name="java.specification.name" value="Java Platform API Specification"/>
    <property name="java.class.version" value="52.0"/>
    <property name="sun.management.compiler" value="HotSpot 64-Bit Tiered Compilers"/>
    <property name="os.version" value="3.13.0-29-generic"/>
    <property name="user.home" value="/home/aanderson"/>
    <property name="user.timezone" value="America/Chicago"/>
    <property name="java.awt.printerjob" value="sun.print.PSPrinterJob"/>
    <property name="file.encoding" value="UTF-8"/>
    <property name="java.specification.version" value="1.8"/>
    <property name="user.name" value="aanderson"/>
    <property name="java.class.path" value="/home/aanderson/cpsg/apache-maven-3.2.2/boot/plexus-classworlds-2.5.1.jar"/>
    <property name="org.slf4j.simpleLogger.defaultLogLevel" value="info"/>
    <property name="java.vm.specification.version" value="1.8"/>
    <property name="sun.arch.data.model" value="64"/>
    <property name="java.home" value="/home/aanderson/cpsg/jdk1.8.0_31/jre"/>
    <property name="sun.java.command" value="org.codehaus.plexus.classworlds.launcher.Launcher clean install"/>
    <property name="java.specification.vendor" value="Oracle Corporation"/>
    <property name="user.language" value="en"/>
    <property name="awt.toolkit" value="sun.awt.X11.XToolkit"/>
    <property name="java.vm.info" value="mixed mode"/>
    <property name="java.version" value="1.8.0_31"/>
    <property name="java.ext.dirs" value="/home/aanderson/cpsg/jdk1.8.0_31/jre/lib/ext:/usr/java/packages/lib/ext"/>
    <property name="securerandom.source" value="file:/dev/./urandom"/>
    <property name="sun.boot.class.path" value="/home/aanderson/cpsg/jdk1.8.0_31/jre/lib/resources.jar:/home/aanderson/cpsg/jdk1.8.0_31/jre/lib/rt.jar:/home/aanderson/cpsg/jdk1.8.0_31/jre/lib/sunrsasign.jar:/home/aanderson/cpsg/jdk1.8.0_31/jre/lib/jsse.jar:/home/aanderson/cpsg/jdk1.8.0_31/jre/lib/jce.jar:/home/aanderson/cpsg/jdk1.8.0_31/jre/lib/charsets.jar:/home/aanderson/cpsg/jdk1.8.0_31/jre/lib/jfr.jar:/home/aanderson/cpsg/jdk1.8.0_31/jre/classes"/>
    <property name="java.vendor" value="Oracle Corporation"/>
    <property name="maven.home" value="/home/aanderson/cpsg/apache-maven-3.2.2"/>
    <property name="file.separator" value="/"/>
    <property name="java.vendor.url.bug" value="http://bugreport.sun.com/bugreport/"/>
    <property name="sun.cpu.endian" value="little"/>
    <property name="sun.io.unicode.encoding" value="UnicodeLittle"/>
    <property name="sun.desktop" value="gnome"/>
    <property name="sun.cpu.isalist" value=""/>
  </properties>
  <testcase classname="com.cpsgpartners.azure.SearchTest" name="testSearch" time="0.628">
    <error message="Already connected" type="javax.ws.rs.ProcessingException">javax.ws.rs.ProcessingException: Already connected
	at org.glassfish.jersey.client.ClientRuntime.invoke(ClientRuntime.java:255)
	at org.glassfish.jersey.client.JerseyInvocation$1.call(JerseyInvocation.java:667)
	at org.glassfish.jersey.client.JerseyInvocation$1.call(JerseyInvocation.java:664)
	at org.glassfish.jersey.internal.Errors.process(Errors.java:315)
	at org.glassfish.jersey.internal.Errors.process(Errors.java:297)
	at org.glassfish.jersey.internal.Errors.process(Errors.java:228)
	at org.glassfish.jersey.process.internal.RequestScope.runInScope(RequestScope.java:444)
	at org.glassfish.jersey.client.JerseyInvocation.invoke(JerseyInvocation.java:664)
	at org.glassfish.jersey.client.JerseyInvocation$Builder.method(JerseyInvocation.java:424)
	at com.cpsgpartners.azure.search.Search.operation(Search.java:286)
	at com.cpsgpartners.azure.search.Search.createIndex(Search.java:31)
	at com.cpsgpartners.azure.SearchTest.testSearch(SearchTest.java:31)
	at sun.reflect.NativeMethodAccessorImpl.invoke0(Native Method)
	at sun.reflect.NativeMethodAccessorImpl.invoke(NativeMethodAccessorImpl.java:62)
	at sun.reflect.DelegatingMethodAccessorImpl.invoke(DelegatingMethodAccessorImpl.java:43)
	at java.lang.reflect.Method.invoke(Method.java:483)
	at org.junit.runners.model.FrameworkMethod$1.runReflectiveCall(FrameworkMethod.java:50)
	at org.junit.internal.runners.model.ReflectiveCallable.run(ReflectiveCallable.java:12)
	at org.junit.runners.model.FrameworkMethod.invokeExplosively(FrameworkMethod.java:47)
	at org.junit.internal.runners.statements.InvokeMethod.evaluate(InvokeMethod.java:17)
	at org.junit.runners.ParentRunner.runLeaf(ParentRunner.java:325)
	at org.junit.runners.BlockJUnit4ClassRunner.runChild(BlockJUnit4ClassRunner.java:78)
	at org.junit.runners.BlockJUnit4ClassRunner.runChild(BlockJUnit4ClassRunner.java:57)
	at org.junit.runners.ParentRunner$3.run(ParentRunner.java:290)
	at org.junit.runners.ParentRunner$1.schedule(ParentRunner.java:71)
	at org.junit.runners.ParentRunner.runChildren(ParentRunner.java:288)
	at org.junit.runners.ParentRunner.access$000(ParentRunner.java:58)
	at org.junit.runners.ParentRunner$2.evaluate(ParentRunner.java:268)
	at org.junit.runners.ParentRunner.run(ParentRunner.java:363)
	at org.apache.maven.surefire.junit4.JUnit4Provider.execute(JUnit4Provider.java:252)
	at org.apache.maven.surefire.junit4.JUnit4Provider.executeTestSet(JUnit4Provider.java:141)
	at org.apache.maven.surefire.junit4.JUnit4Provider.invoke(JUnit4Provider.java:112)
	at sun.reflect.NativeMethodAccessorImpl.invoke0(Native Method)
	at sun.reflect.NativeMethodAccessorImpl.invoke(NativeMethodAccessorImpl.java:62)
	at sun.reflect.DelegatingMethodAccessorImpl.invoke(DelegatingMethodAccessorImpl.java:43)
	at java.lang.reflect.Method.invoke(Method.java:483)
	at org.apache.maven.surefire.util.ReflectionUtils.invokeMethodWithArray(ReflectionUtils.java:189)
	at org.apache.maven.surefire.booter.ProviderFactory$ProviderProxy.invoke(ProviderFactory.java:165)
	at org.apache.maven.surefire.booter.ProviderFactory.invokeProvider(ProviderFactory.java:85)
	at org.apache.maven.surefire.booter.ForkedBooter.runSuitesInProcess(ForkedBooter.java:115)
	at org.apache.maven.surefire.booter.ForkedBooter.main(ForkedBooter.java:75)
Caused by: java.lang.IllegalStateException: Already connected
	at sun.net.www.protocol.http.HttpURLConnection.setRequestProperty(HttpURLConnection.java:3013)
	at sun.net.www.protocol.https.HttpsURLConnectionImpl.setRequestProperty(HttpsURLConnectionImpl.java:316)
	at org.glassfish.jersey.client.HttpUrlConnector.setOutboundHeaders(HttpUrlConnector.java:364)
	at org.glassfish.jersey.client.HttpUrlConnector.access$100(HttpUrlConnector.java:91)
	at org.glassfish.jersey.client.HttpUrlConnector$4.getOutputStream(HttpUrlConnector.java:327)
	at org.glassfish.jersey.message.internal.CommittingOutputStream.commitStream(CommittingOutputStream.java:201)
	at org.glassfish.jersey.message.internal.CommittingOutputStream.commitStream(CommittingOutputStream.java:195)
	at org.glassfish.jersey.message.internal.CommittingOutputStream.commit(CommittingOutputStream.java:263)
	at org.glassfish.jersey.message.internal.OutboundMessageContext.commitStream(OutboundMessageContext.java:816)
	at org.glassfish.jersey.client.ClientRequest.writeEntity(ClientRequest.java:546)
	at org.glassfish.jersey.client.HttpUrlConnector._apply(HttpUrlConnector.java:331)
	at org.glassfish.jersey.client.HttpUrlConnector.apply(HttpUrlConnector.java:243)
	at org.glassfish.jersey.client.ClientRuntime.invoke(ClientRuntime.java:246)
	... 40 more
</error>
  </testcase>
</testsuite>